<?xml version="1.0" encoding="UTF-8"?>
<!-- Generated by org.testng.reporters.JUnitReportReporter -->
<testsuite hostname="LPT821-B1" name="com.crm.qa.testcases.LoginPageTest" tests="3" failures="0" timestamp="6 Apr 2020 12:45:08 GMT" time="72.508" errors="0">
  <testcase name="crmLogoImageTest" time="19.686" classname="com.crm.qa.testcases.LoginPageTest"/>
  <testcase name="loginTitleTest" time="16.837" classname="com.crm.qa.testcases.LoginPageTest"/>
  <testcase name="loginTest" time="35.985" classname="com.crm.qa.testcases.LoginPageTest"/>
</testsuite> <!-- com.crm.qa.testcases.LoginPageTest -->
