<?xml version="1.0" encoding="UTF-8"?>
<!-- Generated by org.testng.reporters.JUnitReportReporter -->
<testsuite hostname="LPT821-B1" name="com.crm.qa.testcases.HomePageTest" tests="3" failures="0" timestamp="6 Apr 2020 12:45:08 GMT" time="91.360" errors="0">
  <testcase name="verifyHomePageTitleTest" time="28.496" classname="com.crm.qa.testcases.HomePageTest"/>
  <testcase name="verifyContactsLinkTest" time="32.556" classname="com.crm.qa.testcases.HomePageTest"/>
  <testcase name="verifyUserNameTest" time="30.308" classname="com.crm.qa.testcases.HomePageTest"/>
</testsuite> <!-- com.crm.qa.testcases.HomePageTest -->
